<?xml version="1.0" encoding="UTF-8"?>
<testng-results total="1" passed="1" failed="0" skipped="0">
  <reporter-output>
  </reporter-output>
  <suite started-at="2025-04-01T14:53:52Z" name="Default Suite" finished-at="2025-04-01T14:54:13Z" duration-ms="21457">
    <groups>
    </groups>
    <test started-at="2025-04-01T14:53:52Z" name="Selenium-Java" finished-at="2025-04-01T14:54:13Z" duration-ms="21457">
      <class name="org.example.FirstTestCase">
        <test-method is-config="true" signature="setup()[pri:0, instance:org.example.FirstTestCase@27f981c6]" started-at="2025-04-01T20:23:52Z" name="setup" finished-at="2025-04-01T20:24:12Z" duration-ms="19967" status="PASS">
          <reporter-output>
          </reporter-output>
        </test-method> <!-- setup -->
        <test-method signature="verifyTitle()[pri:0, instance:org.example.FirstTestCase@27f981c6]" started-at="2025-04-01T20:24:12Z" name="verifyTitle" finished-at="2025-04-01T20:24:12Z" duration-ms="281" status="PASS">
          <reporter-output>
          </reporter-output>
        </test-method> <!-- verifyTitle -->
        <test-method is-config="true" signature="teardown()[pri:0, instance:org.example.FirstTestCase@27f981c6]" started-at="2025-04-01T20:24:12Z" name="teardown" finished-at="2025-04-01T20:24:13Z" duration-ms="1181" status="PASS">
          <reporter-output>
          </reporter-output>
        </test-method> <!-- teardown -->
      </class> <!-- org.example.FirstTestCase -->
    </test> <!-- Selenium-Java -->
  </suite> <!-- Default Suite -->
</testng-results>
